2024-10-31 14:21:08 DEBUG This is a debug message.
2024-10-31 14:21:08 INFO This is an info message.
2024-10-31 14:21:08 WARNING This is a warning message.
2024-10-31 14:21:08 ERROR This is an error message.
2024-10-31 14:21:08 CRITICAL This is a critical message.
2024-10-31 14:35:30 DEBUG This is a debug message.
2024-10-31 14:35:30 INFO This is an info message.
2024-10-31 14:35:30 WARNING This is a warning message.
2024-10-31 14:35:30 ERROR This is an error message.
2024-10-31 14:35:30 CRITICAL This is a critical message.
2024-10-31 14:35:52 DEBUG This is a debug message.
2024-10-31 14:35:52 INFO This is an info message.
2024-10-31 14:35:52 WARNING This is a warning message.
2024-10-31 14:35:52 ERROR This is an error message.
2024-10-31 14:35:52 CRITICAL This is a critical message.
2024-10-31 14:38:42 DEBUG This is a debug message.
2024-10-31 14:38:42 INFO This is an info message.
2024-10-31 14:38:42 WARNING This is a warning message.
2024-10-31 14:38:42 ERROR This is an error message.
2024-10-31 14:38:42 CRITICAL This is a critical message.
2024-10-31 14:49:49 DEBUG This is a debug message.
2024-10-31 14:49:49 INFO This is an info message.
2024-10-31 14:49:49 WARNING This is a warning message.
2024-10-31 14:49:49 ERROR This is an error message.
2024-10-31 14:49:49 CRITICAL This is a critical message.
